<?xml version="1.0" encoding="UTF-8"?>
<!-- Generated by org.testng.reporters.JUnitReportReporter -->
<testsuite hostname="hp" failures="0" tests="2" name="startSelenium.DtatProviderMultidimensional" time="0.011" errors="0" timestamp="2024-01-23T17:25:30 IST" skipped="0">
  <testcase classname="startSelenium.DtatProviderMultidimensional" name="method" time="0.010"/>
  <system-out/>
  <testcase classname="startSelenium.DtatProviderMultidimensional" name="method" time="0.001"/>
  <system-out/>
</testsuite> <!-- startSelenium.DtatProviderMultidimensional -->
