<?xml version="1.0" encoding="UTF-8"?>
<!-- Generated by org.testng.reporters.JUnitReportReporter -->
<testsuite hostname="hp" failures="0" tests="2" name="mockParameterisation.Chrome" time="47.934" errors="0" timestamp="2024-01-23T16:24:07 IST" skipped="0">
  <testcase classname="mockParameterisation.Chrome" name="C1" time="38.926"/>
  <system-out/>
  <testcase classname="mockParameterisation.Chrome" name="C" time="9.008"/>
  <system-out/>
</testsuite> <!-- mockParameterisation.Chrome -->
