<?xml version="1.0" encoding="UTF-8"?>
<!-- Generated by org.testng.reporters.JUnitReportReporter -->
<testsuite hostname="hp" failures="0" tests="1" name="testngdiscussion.Annotations2" time="0.005" errors="0" timestamp="2023-07-28T13:48:36 IST" skipped="0">
  <testcase classname="testngdiscussion.Annotations2" name="testcase3" time="0.005"/>
  <system-out/>
</testsuite> <!-- testngdiscussion.Annotations2 -->
