<?xml version="1.0" encoding="UTF-8"?>
<!-- Generated by org.testng.reporters.JUnitReportReporter -->
<testsuite hostname="hp" failures="0" tests="3" name="realtimeinterview.IsDispaly" time="67.796" errors="0" timestamp="2023-08-18T18:44:13 IST" skipped="0">
  <testcase classname="realtimeinterview.IsDispaly" name="amazon" time="28.234"/>
  <system-out/>
  <testcase classname="realtimeinterview.IsDispaly" name="ama" time="23.869"/>
  <system-out/>
  <testcase classname="realtimeinterview.IsDispaly" name="amaz" time="15.693"/>
  <system-out/>
</testsuite> <!-- realtimeinterview.IsDispaly -->
