<?xml version="1.0" encoding="UTF-8"?>
<!-- Generated by org.testng.reporters.JUnitReportReporter -->
<testsuite hostname="hp" failures="0" tests="1" name="testngdiscussion.PC2" time="13.081" errors="0" timestamp="2023-04-27T18:33:18 IST" skipped="0">
  <testcase classname="testngdiscussion.PC2" name="m3" time="13.081"/>
  <system-out/>
</testsuite> <!-- testngdiscussion.PC2 -->
