<?xml version="1.0" encoding="UTF-8"?>
<!-- Generated by org.testng.reporters.JUnitReportReporter -->
<testsuite hostname="hp" failures="0" tests="1" name="waits.VallidateTextThroughWait" time="20.031" errors="0" timestamp="2023-05-02T11:01:32 IST" skipped="0">
  <testcase classname="waits.VallidateTextThroughWait" name="VallidateTextTillPresnt" time="20.031"/>
  <system-out/>
</testsuite> <!-- waits.VallidateTextThroughWait -->
