<?xml version="1.0" encoding="UTF-8"?>
<!-- Generated by org.testng.reporters.JUnitReportReporter -->
<testsuite hostname="hp" failures="0" tests="3" name="testngdiscussion.ReporterClass" time="0.015" errors="0" timestamp="2024-02-13T21:24:34 IST" skipped="0">
  <testcase classname="testngdiscussion.ReporterClass" name="login" time="0.010"/>
  <system-out>
    <![CDATA[log in test case report
log in test case1 report]]>
  </system-out>
  <testcase classname="testngdiscussion.ReporterClass" name="addproduct" time="0.002"/>
  <system-out/>
  <testcase classname="testngdiscussion.ReporterClass" name="placeorder" time="0.003"/>
  <system-out/>
</testsuite> <!-- testngdiscussion.ReporterClass -->
