<?xml version="1.0" encoding="UTF-8"?>
<!-- Generated by org.testng.reporters.JUnitReportReporter -->
<testsuite hostname="hp" failures="0" tests="2" name="testngdiscussion.LoginPage" time="0.011" errors="0" timestamp="2023-04-22T09:20:33 IST" skipped="0">
  <testcase classname="testngdiscussion.LoginPage" name="VerifyTitle" time="0.002"/>
  <system-out/>
  <testcase classname="testngdiscussion.LoginPage" name="LoginToApp" time="0.009"/>
  <system-out/>
</testsuite> <!-- testngdiscussion.LoginPage -->
