<?xml version="1.0" encoding="UTF-8"?>
<!-- Generated by org.testng.reporters.JUnitReportReporter -->
<testsuite hostname="hp" failures="0" tests="2" name="tusharpracticeset.WebElementMethodPerform" time="10.947" errors="0" timestamp="2023-06-27T14:40:39 IST" skipped="1">
  <testcase classname="tusharpracticeset.WebElementMethodPerform" name="getAttribute" time="10.947"/>
  <system-out/>
  <testcase classname="tusharpracticeset.WebElementMethodPerform" name="isSelected">
    <skipped/>
  </testcase> <!-- isSelected -->
  <system-out/>
</testsuite> <!-- tusharpracticeset.WebElementMethodPerform -->
