<?xml version="1.0" encoding="UTF-8"?>
<!-- Generated by org.testng.reporters.JUnitReportReporter -->
<testsuite hostname="hp" failures="0" tests="2" name="testngdiscussion.AssignmentTestCasesCreateXmlFile" time="18.145" errors="0" timestamp="2023-04-19T10:20:23 IST" skipped="0">
  <testcase classname="testngdiscussion.AssignmentTestCasesCreateXmlFile" name="NavToUrl" time="16.130"/>
  <system-out/>
  <testcase classname="testngdiscussion.AssignmentTestCasesCreateXmlFile" name="LoginToApp" time="2.015"/>
  <system-out/>
</testsuite> <!-- testngdiscussion.AssignmentTestCasesCreateXmlFile -->
