<?xml version="1.0" encoding="UTF-8"?>
<!-- Generated by org.testng.reporters.JUnitReportReporter -->
<testsuite hostname="hp" failures="0" tests="2" name="testngdiscussion.ParalleTestClass2" time="41.304" errors="0" timestamp="2023-12-25T12:18:13 IST" skipped="0">
  <testcase classname="testngdiscussion.ParalleTestClass2" name="testcase4" time="20.319"/>
  <system-out/>
  <testcase classname="testngdiscussion.ParalleTestClass2" name="testcase3" time="20.985"/>
  <system-out/>
</testsuite> <!-- testngdiscussion.ParalleTestClass2 -->
