<?xml version="1.0" encoding="UTF-8"?>
<!-- Generated by org.testng.reporters.JUnitReportReporter -->
<testsuite hostname="hp" failures="0" tests="3" name="test1.SimpleHomeTest" time="1.356" errors="0" timestamp="2023-05-13T15:07:04 IST" skipped="0">
  <testcase classname="test1.SimpleHomeTest" name="profileIshwar" time="0.260"/>
  <system-out/>
  <testcase classname="test1.SimpleHomeTest" name="Ishwarinfo" time="0.831"/>
  <system-out/>
  <testcase classname="test1.SimpleHomeTest" name="submit" time="0.265"/>
  <system-out/>
</testsuite> <!-- test1.SimpleHomeTest -->
