<?xml version="1.0" encoding="UTF-8"?>
<!-- Generated by org.testng.reporters.JUnitReportReporter -->
<testsuite hostname="hp" failures="0" tests="1" name="testngdiscussion.TestNgAllkeyword2" time="0.001" errors="0" timestamp="2023-06-21T14:38:36 IST" skipped="0">
  <testcase classname="testngdiscussion.TestNgAllkeyword2" name="Logout" time="0.001"/>
  <system-out/>
</testsuite> <!-- testngdiscussion.TestNgAllkeyword2 -->
