<?xml version="1.0" encoding="UTF-8"?>
<!-- Generated by org.testng.reporters.JUnitReportReporter -->
<testsuite hostname="hp" failures="0" tests="4" name="testngdiscussion.BasicTest1" time="0.010" errors="0" timestamp="2023-04-17T00:19:29 IST" skipped="0">
  <testcase classname="testngdiscussion.BasicTest1" name="login" time="0.007"/>
  <system-out/>
  <testcase classname="testngdiscussion.BasicTest1" name="home" time="0.001"/>
  <system-out/>
  <testcase classname="testngdiscussion.BasicTest1" name="profile" time="0.001"/>
  <system-out/>
  <testcase classname="testngdiscussion.BasicTest1" name="logout" time="0.001"/>
  <system-out/>
</testsuite> <!-- testngdiscussion.BasicTest1 -->
