<?xml version="1.0" encoding="UTF-8"?>
<!-- Generated by org.testng.reporters.JUnitReportReporter -->
<testsuite hostname="hp" failures="0" tests="3" name="testngdiscussion.ParallalTestCaseExecution" time="0.024" errors="0" timestamp="2023-12-24T22:07:23 IST" skipped="0">
  <testcase classname="testngdiscussion.ParallalTestCaseExecution" name="testcase2" time="0.008"/>
  <system-out/>
  <testcase classname="testngdiscussion.ParallalTestCaseExecution" name="testcase3" time="0.008"/>
  <system-out/>
  <testcase classname="testngdiscussion.ParallalTestCaseExecution" name="testcase1" time="0.008"/>
  <system-out/>
</testsuite> <!-- testngdiscussion.ParallalTestCaseExecution -->
