<?xml version="1.0" encoding="UTF-8"?>
<!-- Generated by org.testng.reporters.JUnitReportReporter -->
<testsuite hostname="hp" failures="0" tests="1" name="waits.ToExplicitAssgnforWait" time="28.530" errors="0" timestamp="2023-05-01T14:59:41 IST" skipped="0">
  <testcase classname="waits.ToExplicitAssgnforWait" name="Openalert" time="28.530"/>
  <system-out/>
</testsuite> <!-- waits.ToExplicitAssgnforWait -->
