<?xml version="1.0" encoding="UTF-8"?>
<!-- Generated by org.testng.reporters.JUnitReportReporter -->
<testsuite hostname="hp" failures="0" tests="1" name="testngdiscussion.PrintWholeTableLineByline" time="12.408" errors="0" timestamp="2023-10-21T10:20:05 IST" skipped="0">
  <testcase classname="testngdiscussion.PrintWholeTableLineByline" name="getAllvalues" time="12.408"/>
  <system-out/>
</testsuite> <!-- testngdiscussion.PrintWholeTableLineByline -->
