<?xml version="1.0" encoding="UTF-8"?>
<!-- Generated by org.testng.reporters.JUnitReportReporter -->
<testsuite hostname="hp" failures="0" tests="1" name="mockParameterisation.Firefox" time="46.384" errors="0" timestamp="2024-01-23T16:24:07 IST" skipped="0">
  <testcase classname="mockParameterisation.Firefox" name="F" time="46.384"/>
  <system-out/>
</testsuite> <!-- mockParameterisation.Firefox -->
