<?xml version="1.0" encoding="UTF-8"?>
<!-- Generated by org.testng.reporters.JUnitReportReporter -->
<testsuite hostname="hp" failures="0" tests="3" name="test.SpiritTest" time="1.908" errors="0" timestamp="2023-05-09T18:10:14 IST" skipped="0">
  <testcase classname="test.SpiritTest" name="selectProduct" time="0.947"/>
  <system-out/>
  <testcase classname="test.SpiritTest" name="SortByHighPrice" time="0.259"/>
  <system-out/>
  <testcase classname="test.SpiritTest" name="SortByAlphabates" time="0.702"/>
  <system-out/>
</testsuite> <!-- test.SpiritTest -->
