<?xml version="1.0" encoding="UTF-8"?>
<!-- Generated by org.testng.reporters.JUnitReportReporter -->
<testsuite hostname="hp" failures="0" tests="1" name="waits.SelectBoxByFluentWait" time="27.858" errors="0" timestamp="2023-09-09T23:15:41 IST" skipped="0">
  <testcase classname="waits.SelectBoxByFluentWait" name="SelectBoxTest" time="27.858"/>
  <system-out/>
</testsuite> <!-- waits.SelectBoxByFluentWait -->
