<?xml version="1.0" encoding="UTF-8"?>
<!-- Generated by org.testng.reporters.JUnitReportReporter -->
<testsuite hostname="hp" failures="0" tests="2" name="testngdiscussion.Annotation" time="0.020" errors="0" timestamp="2023-04-23T18:16:01 IST" skipped="0">
  <testcase classname="testngdiscussion.Annotation" name="testCase1" time="0.011"/>
  <system-out/>
  <testcase classname="testngdiscussion.Annotation" name="testCase2" time="0.009"/>
  <system-out/>
</testsuite> <!-- testngdiscussion.Annotation -->
