<?xml version="1.0" encoding="UTF-8"?>
<!-- Generated by org.testng.reporters.JUnitReportReporter -->
<testsuite hostname="hp" failures="0" tests="3" name="testngdiscussion.PriorotyAmol" time="0.011" errors="0" timestamp="2023-05-28T22:47:05 IST" skipped="0">
  <testcase classname="testngdiscussion.PriorotyAmol" name="m1" time="0.009"/>
  <system-out/>
  <testcase classname="testngdiscussion.PriorotyAmol" name="m3" time="0.001"/>
  <system-out/>
  <testcase classname="testngdiscussion.PriorotyAmol" name="m2" time="0.001"/>
  <system-out/>
</testsuite> <!-- testngdiscussion.PriorotyAmol -->
