<?xml version="1.0" encoding="UTF-8"?>
<!-- Generated by org.testng.reporters.JUnitReportReporter -->
<testsuite hostname="hp" failures="0" tests="3" name="test.BeerTest" time="2.412" errors="0" timestamp="2023-05-09T18:10:14 IST" skipped="0">
  <testcase classname="test.BeerTest" name="BeerSearchTest" time="1.675"/>
  <system-out/>
  <testcase classname="test.BeerTest" name="ApplyTest" time="0.170"/>
  <system-out/>
  <testcase classname="test.BeerTest" name="MainSearch" time="0.567"/>
  <system-out/>
</testsuite> <!-- test.BeerTest -->
