<?xml version="1.0" encoding="UTF-8"?>
<!-- Generated by org.testng.reporters.JUnitReportReporter -->
<testsuite hostname="hp" failures="0" tests="1" name="testngdiscussion.ActualAnnotations" time="0.006" errors="0" timestamp="2023-04-24T09:33:10 IST" skipped="0">
  <testcase classname="testngdiscussion.ActualAnnotations" name="AddToCart" time="0.006"/>
  <system-out/>
</testsuite> <!-- testngdiscussion.ActualAnnotations -->
