<?xml version="1.0" encoding="UTF-8"?>
<!-- Generated by org.testng.reporters.JUnitReportReporter -->
<testsuite hostname="hp" failures="0" tests="1" name="tusharpracticeset.Parameterization" time="15.689" errors="0" timestamp="2023-12-24T21:26:39 IST" skipped="0">
  <testcase classname="tusharpracticeset.Parameterization" name="launchbrowser" time="15.689"/>
  <system-out/>
</testsuite> <!-- tusharpracticeset.Parameterization -->
