<?xml version="1.0" encoding="UTF-8"?>
<!-- Generated by org.testng.reporters.JUnitReportReporter -->
<testsuite hostname="hp" failures="0" tests="1" name="testngdiscussion.TestTagParallel2" time="48.334" errors="0" timestamp="2023-10-31T20:34:26 IST" skipped="0">
  <testcase classname="testngdiscussion.TestTagParallel2" name="google" time="48.334"/>
  <system-out/>
</testsuite> <!-- testngdiscussion.TestTagParallel2 -->
