<?xml version="1.0" encoding="UTF-8"?>
<!-- Generated by org.testng.reporters.JUnitReportReporter -->
<testsuite hostname="hp" failures="0" tests="1" name="basicpackage.ConditionBaseTestMethods" time="19.870" errors="0" timestamp="2023-05-03T16:38:54 IST" skipped="0">
  <testcase classname="basicpackage.ConditionBaseTestMethods" name="isSelectedValidation" time="19.870"/>
  <system-out/>
</testsuite> <!-- basicpackage.ConditionBaseTestMethods -->
