<?xml version="1.0" encoding="UTF-8"?>
<!-- Generated by org.testng.reporters.JUnitReportReporter -->
<testsuite hostname="hp" failures="0" tests="1" name="testngdiscussion.SearchFlight2" time="9.433" errors="0" timestamp="2023-04-27T19:10:35 IST" skipped="0">
  <testcase classname="testngdiscussion.SearchFlight2" name="Testcase1" time="9.433"/>
  <system-out/>
</testsuite> <!-- testngdiscussion.SearchFlight2 -->
