<?xml version="1.0" encoding="UTF-8"?>
<!-- Generated by org.testng.reporters.JUnitReportReporter -->
<testsuite hostname="hp" failures="0" tests="1" name="Mock.LivingLiquidzAscPrice" time="59.995" errors="0" timestamp="2024-02-12T13:11:00 IST" skipped="0">
  <testcase classname="Mock.LivingLiquidzAscPrice" name="launchChromeBrowser" time="59.995"/>
  <system-out/>
</testsuite> <!-- Mock.LivingLiquidzAscPrice -->
