<?xml version="1.0" encoding="UTF-8"?>
<!-- Generated by org.testng.reporters.JUnitReportReporter -->
<testsuite hostname="hp" failures="0" tests="2" name="testngdiscussion.ParallelTestClass1" time="46.097" errors="0" timestamp="2023-12-25T12:18:13 IST" skipped="0">
  <testcase classname="testngdiscussion.ParallelTestClass1" name="testcase1" time="23.262"/>
  <system-out/>
  <testcase classname="testngdiscussion.ParallelTestClass1" name="testcase2" time="22.835"/>
  <system-out/>
</testsuite> <!-- testngdiscussion.ParallelTestClass1 -->
