<?xml version="1.0" encoding="UTF-8"?>
<!-- Generated by org.testng.reporters.JUnitReportReporter -->
<testsuite hostname="hp" failures="0" tests="1" name="testngdiscussion.DOMClass3" time="43.856" errors="0" timestamp="2023-04-20T16:25:50 IST" skipped="0">
  <testcase classname="testngdiscussion.DOMClass3" name="url" time="43.856"/>
  <system-out/>
</testsuite> <!-- testngdiscussion.DOMClass3 -->
