<?xml version="1.0" encoding="UTF-8"?>
<!-- Generated by org.testng.reporters.JUnitReportReporter -->
<testsuite hostname="hp" failures="0" tests="4" name="testngdiscussion.GroupingOfTestCases" time="0.010" errors="0" timestamp="2023-12-24T22:23:27 IST" skipped="0">
  <testcase classname="testngdiscussion.GroupingOfTestCases" name="setDetails" time="0.007"/>
  <system-out/>
  <testcase classname="testngdiscussion.GroupingOfTestCases" name="login" time="0.001"/>
  <system-out/>
  <testcase classname="testngdiscussion.GroupingOfTestCases" name="home" time="0.001"/>
  <system-out/>
  <testcase classname="testngdiscussion.GroupingOfTestCases" name="profile" time="0.001"/>
  <system-out/>
</testsuite> <!-- testngdiscussion.GroupingOfTestCases -->
