<?xml version="1.0" encoding="UTF-8"?>
<!-- Generated by org.testng.reporters.JUnitReportReporter -->
<testsuite hostname="hp" failures="0" tests="3" name="realtimeinterview.Wait" time="15.459" errors="0" timestamp="2023-08-14T13:52:12 IST" skipped="2">
  <testcase classname="realtimeinterview.Wait" name="Fluentwait" time="15.459"/>
  <system-out/>
  <testcase classname="realtimeinterview.Wait" name="ExplicitWait">
    <skipped/>
  </testcase> <!-- ExplicitWait -->
  <system-out/>
  <testcase classname="realtimeinterview.Wait" name="cliclonLink">
    <skipped/>
  </testcase> <!-- cliclonLink -->
  <system-out/>
</testsuite> <!-- realtimeinterview.Wait -->
