<?xml version="1.0" encoding="UTF-8"?>
<!-- Generated by org.testng.reporters.JUnitReportReporter -->
<testsuite hostname="hp" failures="0" tests="1" name="testngdiscussion.DOMClass2" time="0.000" errors="0" timestamp="2023-10-31T16:23:15 IST" skipped="1">
  <testcase classname="testngdiscussion.DOMClass2" name="logout" time="0.000">
    <skipped/>
  </testcase> <!-- logout -->
  <system-out/>
</testsuite> <!-- testngdiscussion.DOMClass2 -->
