<?xml version="1.0" encoding="UTF-8"?>
<!-- Generated by org.testng.reporters.JUnitReportReporter -->
<testsuite hostname="hp" failures="0" tests="2" name="startSelenium.DataproviderTestng" time="0.013" errors="0" timestamp="2023-10-31T17:35:18 IST" skipped="0">
  <testcase classname="startSelenium.DataproviderTestng" name="dataprovider" time="0.011"/>
  <system-out/>
  <testcase classname="startSelenium.DataproviderTestng" name="dataprovider" time="0.002"/>
  <system-out/>
</testsuite> <!-- startSelenium.DataproviderTestng -->
