<?xml version="1.0" encoding="UTF-8"?>
<!-- Generated by org.testng.reporters.JUnitReportReporter -->
<testsuite hostname="hp" failures="0" tests="1" name="testngdiscussion.Logout" time="0.002" errors="0" timestamp="2023-04-22T09:20:33 IST" skipped="0">
  <testcase classname="testngdiscussion.Logout" name="LogoutFromApp" time="0.002"/>
  <system-out/>
</testsuite> <!-- testngdiscussion.Logout -->
