<?xml version="1.0" encoding="UTF-8"?>
<!-- Generated by org.testng.reporters.JUnitReportReporter -->
<testsuite hostname="hp" failures="0" tests="1" name="waits.ExplicitWait" time="14.582" errors="0" timestamp="2023-12-24T23:32:37 IST" skipped="0">
  <testcase classname="waits.ExplicitWait" name="ExplicitTest" time="14.582"/>
  <system-out/>
</testsuite> <!-- waits.ExplicitWait -->
