<?xml version="1.0" encoding="UTF-8"?>
<!-- Generated by org.testng.reporters.JUnitReportReporter -->
<testsuite hostname="hp" failures="0" tests="3" name="test.SearchTest" time="2.451" errors="0" timestamp="2023-05-09T18:10:14 IST" skipped="0">
  <testcase classname="test.SearchTest" name="verifyTitle" time="0.028"/>
  <system-out/>
  <testcase classname="test.SearchTest" name="searchProducts" time="0.131"/>
  <system-out/>
  <testcase classname="test.SearchTest" name="valiidateSearchResults" time="2.292"/>
  <system-out/>
</testsuite> <!-- test.SearchTest -->
