<?xml version="1.0" encoding="UTF-8"?>
<!-- Generated by org.testng.reporters.JUnitReportReporter -->
<testsuite hostname="hp" failures="0" tests="3" name="test1.SpiritTestClass" time="32.042" errors="0" timestamp="2023-05-13T15:07:04 IST" skipped="0">
  <testcase classname="test1.SpiritTestClass" name="SelectTest" time="21.589"/>
  <system-out/>
  <testcase classname="test1.SpiritTestClass" name="sortbyHigher" time="8.996"/>
  <system-out/>
  <testcase classname="test1.SpiritTestClass" name="sortbyalphabates" time="1.457"/>
  <system-out/>
</testsuite> <!-- test1.SpiritTestClass -->
