<?xml version="1.0" encoding="UTF-8"?>
<!-- Generated by org.testng.reporters.JUnitReportReporter -->
<testsuite hostname="hp" failures="0" tests="2" name="testngdiscussion.PC1" time="14.525" errors="0" timestamp="2023-04-27T18:33:18 IST" skipped="0">
  <testcase classname="testngdiscussion.PC1" name="m1" time="9.543"/>
  <system-out/>
  <testcase classname="testngdiscussion.PC1" name="m2" time="4.982"/>
  <system-out/>
</testsuite> <!-- testngdiscussion.PC1 -->
