<?xml version="1.0" encoding="UTF-8"?>
<!-- Generated by org.testng.reporters.JUnitReportReporter -->
<testsuite hostname="hp" failures="0" tests="1" name="tusharpracticeset.isDisplayedConcept" time="9.660" errors="0" timestamp="2023-06-27T08:51:45 IST" skipped="0">
  <testcase classname="tusharpracticeset.isDisplayedConcept" name="isSelected" time="9.660"/>
  <system-out/>
</testsuite> <!-- tusharpracticeset.isDisplayedConcept -->
