<?xml version="1.0" encoding="UTF-8"?>
<!-- Generated by org.testng.reporters.JUnitReportReporter -->
<testsuite hostname="hp" failures="0" tests="1" name="webtable.WebTableHandling" time="46.364" errors="0" timestamp="2024-04-30T15:49:41 IST" skipped="0">
  <testcase classname="webtable.WebTableHandling" name="getvallues" time="46.364"/>
  <system-out/>
</testsuite> <!-- webtable.WebTableHandling -->
