<?xml version="1.0" encoding="UTF-8"?>
<!-- Generated by org.testng.reporters.JUnitReportReporter -->
<testsuite hostname="hp" failures="0" tests="3" name="realtimeinterview.DataProviderConcept" time="0.013" errors="0" timestamp="2023-12-24T21:48:07 IST" skipped="0">
  <testcase classname="realtimeinterview.DataProviderConcept" name="login" time="0.008"/>
  <system-out/>
  <testcase classname="realtimeinterview.DataProviderConcept" name="login" time="0.003"/>
  <system-out/>
  <testcase classname="realtimeinterview.DataProviderConcept" name="login" time="0.002"/>
  <system-out/>
</testsuite> <!-- realtimeinterview.DataProviderConcept -->
