<?xml version="1.0" encoding="UTF-8"?>
<!-- Generated by org.testng.reporters.JUnitReportReporter -->
<testsuite hostname="hp" failures="0" tests="4" name="testngdiscussion.PriorityKeyword" time="0.009" errors="0" timestamp="2023-04-17T01:01:13 IST" skipped="0">
  <testcase classname="testngdiscussion.PriorityKeyword" name="login" time="0.006"/>
  <system-out/>
  <testcase classname="testngdiscussion.PriorityKeyword" name="home" time="0.002"/>
  <system-out/>
  <testcase classname="testngdiscussion.PriorityKeyword" name="profile" time="0.001"/>
  <system-out/>
  <testcase classname="testngdiscussion.PriorityKeyword" name="logout" time="0.000"/>
  <system-out/>
</testsuite> <!-- testngdiscussion.PriorityKeyword -->
