<?xml version="1.0" encoding="UTF-8"?>
<!-- Generated by org.testng.reporters.JUnitReportReporter -->
<testsuite hostname="hp" failures="0" tests="50" name="testngdiscussion.DPTest" time="0.357" errors="0" timestamp="2024-04-13T23:09:50 IST" skipped="0">
  <testcase classname="testngdiscussion.DPTest" name="testcase" time="0.007"/>
  <system-out/>
  <testcase classname="testngdiscussion.DPTest" name="testcase" time="0.008"/>
  <system-out/>
  <testcase classname="testngdiscussion.DPTest" name="testcase" time="0.002"/>
  <system-out/>
  <testcase classname="testngdiscussion.DPTest" name="testcase" time="0.005"/>
  <system-out/>
  <testcase classname="testngdiscussion.DPTest" name="testcase" time="0.012"/>
  <system-out/>
  <testcase classname="testngdiscussion.DPTest" name="testcase" time="0.004"/>
  <system-out/>
  <testcase classname="testngdiscussion.DPTest" name="testcase" time="0.002"/>
  <system-out/>
  <testcase classname="testngdiscussion.DPTest" name="testcase" time="0.005"/>
  <system-out/>
  <testcase classname="testngdiscussion.DPTest" name="testcase" time="0.012"/>
  <system-out/>
  <testcase classname="testngdiscussion.DPTest" name="testcase" time="0.001"/>
  <system-out/>
  <testcase classname="testngdiscussion.DPTest" name="testcase" time="0.036"/>
  <system-out/>
  <testcase classname="testngdiscussion.DPTest" name="testcase" time="0.001"/>
  <system-out/>
  <testcase classname="testngdiscussion.DPTest" name="testcase" time="0.002"/>
  <system-out/>
  <testcase classname="testngdiscussion.DPTest" name="testcase" time="0.002"/>
  <system-out/>
  <testcase classname="testngdiscussion.DPTest" name="testcase" time="0.001"/>
  <system-out/>
  <testcase classname="testngdiscussion.DPTest" name="testcase" time="0.083"/>
  <system-out/>
  <testcase classname="testngdiscussion.DPTest" name="testcase" time="0.010"/>
  <system-out/>
  <testcase classname="testngdiscussion.DPTest" name="testcase" time="0.000"/>
  <system-out/>
  <testcase classname="testngdiscussion.DPTest" name="testcase" time="0.033"/>
  <system-out/>
  <testcase classname="testngdiscussion.DPTest" name="testcase" time="0.001"/>
  <system-out/>
  <testcase classname="testngdiscussion.DPTest" name="testcase" time="0.003"/>
  <system-out/>
  <testcase classname="testngdiscussion.DPTest" name="testcase" time="0.001"/>
  <system-out/>
  <testcase classname="testngdiscussion.DPTest" name="testcase" time="0.006"/>
  <system-out/>
  <testcase classname="testngdiscussion.DPTest" name="testcase" time="0.001"/>
  <system-out/>
  <testcase classname="testngdiscussion.DPTest" name="testcase" time="0.005"/>
  <system-out/>
  <testcase classname="testngdiscussion.DPTest" name="testcase" time="0.013"/>
  <system-out/>
  <testcase classname="testngdiscussion.DPTest" name="testcase" time="0.002"/>
  <system-out/>
  <testcase classname="testngdiscussion.DPTest" name="testcase" time="0.002"/>
  <system-out/>
  <testcase classname="testngdiscussion.DPTest" name="testcase" time="0.001"/>
  <system-out/>
  <testcase classname="testngdiscussion.DPTest" name="testcase" time="0.002"/>
  <system-out/>
  <testcase classname="testngdiscussion.DPTest" name="testcase" time="0.002"/>
  <system-out/>
  <testcase classname="testngdiscussion.DPTest" name="testcase" time="0.045"/>
  <system-out/>
  <testcase classname="testngdiscussion.DPTest" name="testcase" time="0.001"/>
  <system-out/>
  <testcase classname="testngdiscussion.DPTest" name="testcase" time="0.001"/>
  <system-out/>
  <testcase classname="testngdiscussion.DPTest" name="testcase" time="0.004"/>
  <system-out/>
  <testcase classname="testngdiscussion.DPTest" name="testcase" time="0.010"/>
  <system-out/>
  <testcase classname="testngdiscussion.DPTest" name="testcase" time="0.007"/>
  <system-out/>
  <testcase classname="testngdiscussion.DPTest" name="testcase" time="0.001"/>
  <system-out/>
  <testcase classname="testngdiscussion.DPTest" name="testcase" time="0.001"/>
  <system-out/>
  <testcase classname="testngdiscussion.DPTest" name="testcase" time="0.003"/>
  <system-out/>
  <testcase classname="testngdiscussion.DPTest" name="testcase" time="0.002"/>
  <system-out/>
  <testcase classname="testngdiscussion.DPTest" name="testcase" time="0.001"/>
  <system-out/>
  <testcase classname="testngdiscussion.DPTest" name="testcase" time="0.001"/>
  <system-out/>
  <testcase classname="testngdiscussion.DPTest" name="testcase" time="0.002"/>
  <system-out/>
  <testcase classname="testngdiscussion.DPTest" name="testcase" time="0.002"/>
  <system-out/>
  <testcase classname="testngdiscussion.DPTest" name="testcase" time="0.001"/>
  <system-out/>
  <testcase classname="testngdiscussion.DPTest" name="testcase" time="0.004"/>
  <system-out/>
  <testcase classname="testngdiscussion.DPTest" name="testcase" time="0.001"/>
  <system-out/>
  <testcase classname="testngdiscussion.DPTest" name="testcase" time="0.003"/>
  <system-out/>
  <testcase classname="testngdiscussion.DPTest" name="testcase" time="0.002"/>
  <system-out/>
</testsuite> <!-- testngdiscussion.DPTest -->
