<?xml version="1.0" encoding="UTF-8"?>
<!-- Generated by org.testng.reporters.JUnitReportReporter -->
<testsuite hostname="hp" failures="0" tests="7" name="testngdiscussion.InvocationcountKeyword" time="0.017" errors="0" timestamp="2023-04-17T09:45:43 IST" skipped="0">
  <testcase classname="testngdiscussion.InvocationcountKeyword" name="Logout" time="0.001"/>
  <system-out/>
  <testcase classname="testngdiscussion.InvocationcountKeyword" name="Login" time="0.007"/>
  <system-out/>
  <testcase classname="testngdiscussion.InvocationcountKeyword" name="Home" time="0.001"/>
  <system-out/>
  <testcase classname="testngdiscussion.InvocationcountKeyword" name="Home" time="0.003"/>
  <system-out/>
  <testcase classname="testngdiscussion.InvocationcountKeyword" name="Home" time="0.002"/>
  <system-out/>
  <testcase classname="testngdiscussion.InvocationcountKeyword" name="Home" time="0.002"/>
  <system-out/>
  <testcase classname="testngdiscussion.InvocationcountKeyword" name="Home" time="0.001"/>
  <system-out/>
</testsuite> <!-- testngdiscussion.InvocationcountKeyword -->
