<?xml version="1.0" encoding="UTF-8"?>
<!-- Generated by org.testng.reporters.JUnitReportReporter -->
<testsuite hostname="hp" failures="0" tests="3" name="testngdiscussion.HomePage" time="0.006" errors="0" timestamp="2023-04-22T09:20:33 IST" skipped="0">
  <testcase classname="testngdiscussion.HomePage" name="DeleteProfile" time="0.001"/>
  <system-out/>
  <testcase classname="testngdiscussion.HomePage" name="Getinformation" time="0.001"/>
  <system-out/>
  <testcase classname="testngdiscussion.HomePage" name="AddProfile" time="0.004"/>
  <system-out/>
</testsuite> <!-- testngdiscussion.HomePage -->
