<?xml version="1.0" encoding="UTF-8"?>
<!-- Generated by org.testng.reporters.JUnitReportReporter -->
<testsuite hostname="hp" failures="0" tests="2" name="testngdiscussion.GroupingForTestCasesPractice" time="0.008" errors="0" timestamp="2023-04-24T13:16:24 IST" skipped="0">
  <testcase classname="testngdiscussion.GroupingForTestCasesPractice" name="m1" time="0.007"/>
  <system-out/>
  <testcase classname="testngdiscussion.GroupingForTestCasesPractice" name="m2" time="0.001"/>
  <system-out/>
</testsuite> <!-- testngdiscussion.GroupingForTestCasesPractice -->
