<?xml version="1.0" encoding="UTF-8"?>
<!-- Generated by org.testng.reporters.JUnitReportReporter -->
<testsuite hostname="hp" failures="0" tests="2" name="testngdiscussion.DataProvider" time="0.009" errors="0" timestamp="2023-10-20T09:17:55 IST" skipped="0">
  <testcase classname="testngdiscussion.DataProvider" name="demo" time="0.007"/>
  <system-out/>
  <testcase classname="testngdiscussion.DataProvider" name="demo" time="0.002"/>
  <system-out/>
</testsuite> <!-- testngdiscussion.DataProvider -->
