<?xml version="1.0" encoding="UTF-8"?>
<!-- Generated by org.testng.reporters.JUnitReportReporter -->
<testsuite hostname="hp" failures="0" tests="4" name="testngdiscussion.EnabledKeyword" time="0.014" errors="0" timestamp="2023-04-17T09:12:28 IST" skipped="1">
  <testcase classname="testngdiscussion.EnabledKeyword" name="profile" time="0.012"/>
  <system-out/>
  <testcase classname="testngdiscussion.EnabledKeyword" name="Login" time="0.001"/>
  <system-out/>
  <testcase classname="testngdiscussion.EnabledKeyword" name="Logout" time="0.001"/>
  <system-out/>
  <testcase classname="testngdiscussion.EnabledKeyword" name="home">
    <skipped/>
  </testcase> <!-- home -->
  <system-out/>
</testsuite> <!-- testngdiscussion.EnabledKeyword -->
