<?xml version="1.0" encoding="UTF-8"?>
<!-- Generated by org.testng.reporters.JUnitReportReporter -->
<testsuite hostname="hp" failures="0" tests="1" name="waits.FluentWaitDisc" time="20.700" errors="0" timestamp="2023-09-09T23:13:26 IST" skipped="0">
  <testcase classname="waits.FluentWaitDisc" name="fluentWaitTest" time="20.700"/>
  <system-out/>
</testsuite> <!-- waits.FluentWaitDisc -->
