<?xml version="1.0" encoding="UTF-8"?>
<!-- Generated by org.testng.reporters.JUnitReportReporter -->
<testsuite hostname="hp" failures="0" tests="2" name="practiceselenium.DataProvider" time="0.017" errors="0" timestamp="2023-12-24T22:00:40 IST" skipped="0">
  <testcase classname="practiceselenium.DataProvider" name="login" time="0.013"/>
  <system-out/>
  <testcase classname="practiceselenium.DataProvider" name="login" time="0.004"/>
  <system-out/>
</testsuite> <!-- practiceselenium.DataProvider -->
