<?xml version="1.0" encoding="UTF-8"?>
<!-- Generated by org.testng.reporters.JUnitReportReporter -->
<testsuite hostname="hp" failures="0" tests="7" name="testngdiscussion.EmailableReport" time="0.022" errors="0" timestamp="2023-07-28T13:36:08 IST" skipped="0">
  <testcase classname="testngdiscussion.EmailableReport" name="Logout" time="0.002"/>
  <system-out>
    <![CDATA[logout test case report]]>
  </system-out>
  <testcase classname="testngdiscussion.EmailableReport" name="Logout" time="0.002"/>
  <system-out>
    <![CDATA[logout test case report]]>
  </system-out>
  <testcase classname="testngdiscussion.EmailableReport" name="Logout" time="0.002"/>
  <system-out>
    <![CDATA[logout test case report]]>
  </system-out>
  <testcase classname="testngdiscussion.EmailableReport" name="Logout" time="0.001"/>
  <system-out>
    <![CDATA[logout test case report]]>
  </system-out>
  <testcase classname="testngdiscussion.EmailableReport" name="Logout" time="0.008"/>
  <system-out>
    <![CDATA[logout test case report]]>
  </system-out>
  <testcase classname="testngdiscussion.EmailableReport" name="Home" time="0.003"/>
  <system-out>
    <![CDATA[home  test case report]]>
  </system-out>
  <testcase classname="testngdiscussion.EmailableReport" name="Login" time="0.004"/>
  <system-out>
    <![CDATA[ login test case report]]>
  </system-out>
</testsuite> <!-- testngdiscussion.EmailableReport -->
