<?xml version="1.0" encoding="UTF-8"?>
<!-- Generated by org.testng.reporters.JUnitReportReporter -->
<testsuite hostname="hp" failures="0" tests="2" name="testngdiscussion.InclusionAndExclusion" time="0.007" errors="0" timestamp="2024-02-13T22:16:24 IST" skipped="0">
  <testcase classname="testngdiscussion.InclusionAndExclusion" name="getDetails" time="0.006"/>
  <system-out/>
  <testcase classname="testngdiscussion.InclusionAndExclusion" name="Logout" time="0.001"/>
  <system-out/>
</testsuite> <!-- testngdiscussion.InclusionAndExclusion -->
