<?xml version="1.0" encoding="UTF-8"?>
<!-- Generated by org.testng.reporters.JUnitReportReporter -->
<testsuite hostname="hp" failures="0" tests="3" name="testngdiscussion.Parameterization" time="5.554" errors="0" timestamp="2023-12-24T21:34:21 IST" skipped="0">
  <testcase classname="testngdiscussion.Parameterization" name="GetDetails" time="0.006"/>
  <system-out/>
  <testcase classname="testngdiscussion.Parameterization" name="LaunchBrowser" time="5.546"/>
  <system-out/>
  <testcase classname="testngdiscussion.Parameterization" name="Login" time="0.002"/>
  <system-out/>
</testsuite> <!-- testngdiscussion.Parameterization -->
