<?xml version="1.0" encoding="UTF-8"?>
<!-- Generated by org.testng.reporters.JUnitReportReporter -->
<testsuite hostname="hp" failures="0" tests="2" name="testngdiscussion.Annotations" time="0.028" errors="0" timestamp="2023-04-23T18:30:32 IST" skipped="0">
  <testcase classname="testngdiscussion.Annotations" name="testCase2" time="0.006"/>
  <system-out/>
  <testcase classname="testngdiscussion.Annotations" name="testCase1" time="0.022"/>
  <system-out/>
</testsuite> <!-- testngdiscussion.Annotations -->
