<?xml version="1.0" encoding="UTF-8"?>
<!-- Generated by org.testng.reporters.JUnitReportReporter -->
<testsuite hostname="hp" failures="0" tests="2" name="testngdiscussion.BasicTest" time="0.007" errors="0" timestamp="2023-04-17T00:04:13 IST" skipped="0">
  <testcase classname="testngdiscussion.BasicTest" name="testcase2" time="0.001"/>
  <system-out/>
  <testcase classname="testngdiscussion.BasicTest" name="testcase1" time="0.006"/>
  <system-out/>
</testsuite> <!-- testngdiscussion.BasicTest -->
