<?xml version="1.0" encoding="UTF-8"?>
<!-- Generated by org.testng.reporters.JUnitReportReporter -->
<testsuite hostname="hp" failures="0" tests="3" name="testngdiscussion.DOMClass4" time="55.739" errors="0" timestamp="2023-04-20T16:25:50 IST" skipped="0">
  <testcase classname="testngdiscussion.DOMClass4" name="url" time="36.513"/>
  <system-out/>
  <testcase classname="testngdiscussion.DOMClass4" name="Search1" time="0.156"/>
  <system-out/>
  <testcase classname="testngdiscussion.DOMClass4" name="Search2" time="19.070"/>
  <system-out/>
</testsuite> <!-- testngdiscussion.DOMClass4 -->
