<?xml version="1.0" encoding="UTF-8"?>
<!-- Generated by org.testng.reporters.JUnitReportReporter -->
<testsuite hostname="hp" failures="0" tests="1" name="testngdiscussion.LaunchUrl" time="20.051" errors="0" timestamp="2023-04-19T17:27:27 IST" skipped="0">
  <testcase classname="testngdiscussion.LaunchUrl" name="url" time="20.051"/>
  <system-out/>
</testsuite> <!-- testngdiscussion.LaunchUrl -->
