<?xml version="1.0" encoding="UTF-8"?>
<!-- Generated by org.testng.reporters.JUnitReportReporter -->
<testsuite hostname="hp" failures="0" tests="1" name="testngdiscussion.VallidateTextWrittenIntoField" time="9.412" errors="0" timestamp="2023-09-09T22:21:01 IST" skipped="0">
  <testcase classname="testngdiscussion.VallidateTextWrittenIntoField" name="GetTextFromField" time="9.412"/>
  <system-out/>
</testsuite> <!-- testngdiscussion.VallidateTextWrittenIntoField -->
